[INFO  - 2015-09-20T08:20:22.663Z] GhostDriver - Main - running on port 25250
[INFO  - 2015-09-20T08:20:23.534Z] Session [70992a10-5f70-11e5-b006-bbb8a3dd125f] - page.settings - {"XSSAuditingEnabled":false,"javascriptCanCloseWindows":true,"javascriptCanOpenWindows":true,"javascriptEnabled":true,"loadImages":true,"localToRemoteUrlAccessEnabled":false,"userAgent":"Mozilla/5.0 (Windows NT 6.1; WOW64) AppleWebKit/538.1 (KHTML, like Gecko) PhantomJS/2.0.0 Safari/538.1","webSecurityEnabled":true}
[INFO  - 2015-09-20T08:20:23.534Z] Session [70992a10-5f70-11e5-b006-bbb8a3dd125f] - page.customHeaders:  - {}
[INFO  - 2015-09-20T08:20:23.534Z] Session [70992a10-5f70-11e5-b006-bbb8a3dd125f] - Session.negotiatedCapabilities - {"browserName":"phantomjs","version":"2.0.0","driverName":"ghostdriver","driverVersion":"1.2.0","platform":"windows-7-32bit","javascriptEnabled":true,"takesScreenshot":false,"handlesAlerts":false,"databaseEnabled":false,"locationContextEnabled":false,"applicationCacheEnabled":false,"browserConnectionEnabled":false,"cssSelectorsEnabled":true,"webStorageEnabled":false,"rotatable":false,"acceptSslCerts":false,"nativeEvents":true,"proxy":{"proxyType":"direct"}}
[INFO  - 2015-09-20T08:20:23.534Z] SessionManagerReqHand - _postNewSessionCommand - New Session Created: 70992a10-5f70-11e5-b006-bbb8a3dd125f
[INFO  - 2015-09-20T08:25:22.671Z] SessionManagerReqHand - _cleanupWindowlessSessions - Asynchronous Sessions clean-up phase starting NOW
[INFO  - 2015-09-20T08:30:22.677Z] SessionManagerReqHand - _cleanupWindowlessSessions - Asynchronous Sessions clean-up phase starting NOW
[INFO  - 2015-09-20T08:35:22.677Z] SessionManagerReqHand - _cleanupWindowlessSessions - Asynchronous Sessions clean-up phase starting NOW
[INFO  - 2015-09-20T08:40:22.677Z] SessionManagerReqHand - _cleanupWindowlessSessions - Asynchronous Sessions clean-up phase starting NOW
[INFO  - 2015-09-20T08:45:22.677Z] SessionManagerReqHand - _cleanupWindowlessSessions - Asynchronous Sessions clean-up phase starting NOW
[INFO  - 2015-09-20T08:50:22.677Z] SessionManagerReqHand - _cleanupWindowlessSessions - Asynchronous Sessions clean-up phase starting NOW
[INFO  - 2015-09-20T08:55:22.710Z] SessionManagerReqHand - _cleanupWindowlessSessions - Asynchronous Sessions clean-up phase starting NOW
[INFO  - 2015-09-20T09:00:22.712Z] SessionManagerReqHand - _cleanupWindowlessSessions - Asynchronous Sessions clean-up phase starting NOW
[INFO  - 2015-09-20T17:42:01.918Z] SessionManagerReqHand - _cleanupWindowlessSessions - Asynchronous Sessions clean-up phase starting NOW
[INFO  - 2015-09-20T17:47:00.918Z] SessionManagerReqHand - _cleanupWindowlessSessions - Asynchronous Sessions clean-up phase starting NOW
nd - _cleanupWindowlessSessions - Asynchronous Sessions clean-up phase starting NOW
[INFO  - 2015-09-20T08:34:28.565Z] SessionManagerReqHand - _cleanupWindowlessSessions - Asynchronous Sessions clean-up phase starting NOW
[INFO  - 2015-09-20T08:39:28.565Z] SessionManagerReqHand - _cleanupWindowlessSessions - Asynchronous Sessions clean-up phase starting NOW
[INFO  - 2015-09-20T08:44:28.565Z] SessionManagerReqHand - _cleanupWindowlessSessions - Asynchronous Sessions clean-up phase starting NOW
[INFO  - 2015-09-20T08:49:28.565Z] SessionManagerReqHand - _cleanupWindowlessSessions - Asynchronous Sessions clean-up phase starting NOW
[INFO  - 2015-09-20T08:54:28.566Z] SessionManagerReqHand - _cleanupWindowlessSessions - Asynchronous Sessions clean-up phase starting NOW
[INFO  - 2015-09-20T08:59:28.598Z] SessionManagerReqHand - _cleanupWindowlessSessions - Asynchronous Sessions clean-up phase starting NOW
[INFO  - 2015-09-20T17:42:01.917Z] SessionManagerReqHand - _cleanupWindowlessSessions - Asynchronous Sessions clean-up phase starting NOW
[INFO  - 2015-09-20T17:47:00.917Z] SessionManagerReqHand - _cleanupWindowlessSessions - Asynchronous Sessions clean-up phase starting NOW
38.1 (KHTML, like Gecko) PhantomJS/2.0.0 Safari/538.1","webSecurityEnabled":true}
[INFO  - 2015-09-20T08:55:31.388Z] Session [5901f120-5f75-11e5-95ba-99a498e94a16] - page.customHeaders:  - {}
[INFO  - 2015-09-20T08:55:31.389Z] Session [5901f120-5f75-11e5-95ba-99a498e94a16] - Session.negotiatedCapabilities - {"browserName":"phantomjs","version":"2.0.0","driverName":"ghostdriver","driverVersion":"1.2.0","platform":"windows-7-32bit","javascriptEnabled":true,"takesScreenshot":false,"handlesAlerts":false,"databaseEnabled":false,"locationContextEnabled":false,"applicationCacheEnabled":false,"browserConnectionEnabled":false,"cssSelectorsEnabled":true,"webStorageEnabled":false,"rotatable":false,"acceptSslCerts":false,"nativeEvents":true,"proxy":{"proxyType":"direct"}}
[INFO  - 2015-09-20T08:55:31.389Z] SessionManagerReqHand - _postNewSessionCommand - New Session Created: 5901f120-5f75-11e5-95ba-99a498e94a16
[INFO  - 2015-09-20T09:00:30.710Z] SessionManagerReqHand - _cleanupWindowlessSessions - Asynchronous Sessions clean-up phase starting NOW
[INFO  - 2015-09-20T17:42:01.924Z] SessionManagerReqHand - _cleanupWindowlessSessions - Asynchronous Sessions clean-up phase starting NOW
[INFO  - 2015-09-20T17:47:00.918Z] SessionManagerReqHand - _cleanupWindowlessSessions - Asynchronous Sessions clean-up phase starting NOW
8.1 (KHTML, like Gecko) PhantomJS/2.0.0 Safari/538.1","webSecurityEnabled":true}
[INFO  - 2015-09-20T08:59:29.405Z] Session [e6e07430-5f75-11e5-9be8-0352d3f3d09d] - page.customHeaders:  - {}
[INFO  - 2015-09-20T08:59:29.406Z] Session [e6e07430-5f75-11e5-9be8-0352d3f3d09d] - Session.negotiatedCapabilities - {"browserName":"phantomjs","version":"2.0.0","driverName":"ghostdriver","driverVersion":"1.2.0","platform":"windows-7-32bit","javascriptEnabled":true,"takesScreenshot":false,"handlesAlerts":false,"databaseEnabled":false,"locationContextEnabled":false,"applicationCacheEnabled":false,"browserConnectionEnabled":false,"cssSelectorsEnabled":true,"webStorageEnabled":false,"rotatable":false,"acceptSslCerts":false,"nativeEvents":true,"proxy":{"proxyType":"direct"}}
[INFO  - 2015-09-20T08:59:29.406Z] SessionManagerReqHand - _postNewSessionCommand - New Session Created: e6e07430-5f75-11e5-9be8-0352d3f3d09d
[INFO  - 2015-09-20T17:42:02.556Z] SessionManagerReqHand - _cleanupWindowlessSessions - Asynchronous Sessions clean-up phase starting NOW
[INFO  - 2015-09-20T17:47:00.836Z] SessionManagerReqHand - _cleanupWindowlessSessions - Asynchronous Sessions clean-up phase starting NOW
